c:\users\u5732917\desktop\vampire survivors\game v52\game loop\x64\debug\vc143.pdb
c:\users\u5732917\desktop\vampire survivors\game v52\game loop\x64\debug\vc143.idb
c:\users\u5732917\desktop\vampire survivors\game v52\game loop\x64\debug\whiteghost.obj
c:\users\u5732917\desktop\vampire survivors\game v52\game loop\x64\debug\tileset.obj
c:\users\u5732917\desktop\vampire survivors\game v52\game loop\x64\debug\tile.obj
c:\users\u5732917\desktop\vampire survivors\game v52\game loop\x64\debug\shooter.obj
c:\users\u5732917\desktop\vampire survivors\game v52\game loop\x64\debug\redghost.obj
c:\users\u5732917\desktop\vampire survivors\game v52\game loop\x64\debug\powerup.obj
c:\users\u5732917\desktop\vampire survivors\game v52\game loop\x64\debug\player.obj
c:\users\u5732917\desktop\vampire survivors\game v52\game loop\x64\debug\main.obj
c:\users\u5732917\desktop\vampire survivors\game v52\game loop\x64\debug\enemymanager.obj
c:\users\u5732917\desktop\vampire survivors\game v52\game loop\x64\debug\enemy.obj
c:\users\u5732917\desktop\vampire survivors\game v52\game loop\x64\debug\demon.obj
c:\users\u5732917\desktop\vampire survivors\game v52\game loop\x64\debug\blueghost.obj
c:\users\u5732917\desktop\vampire survivors\game v52\x64\debug\game loop.exe
c:\users\u5732917\desktop\vampire survivors\game v52\x64\debug\game loop.pdb
c:\users\u5732917\desktop\vampire survivors\game v52\game loop\x64\debug\game loop.ilk
c:\users\u5732917\desktop\vampire survivors\game v52\game loop\x64\debug\game loop.tlog\cl.command.1.tlog
c:\users\u5732917\desktop\vampire survivors\game v52\game loop\x64\debug\game loop.tlog\cl.items.tlog
c:\users\u5732917\desktop\vampire survivors\game v52\game loop\x64\debug\game loop.tlog\cl.read.1.tlog
c:\users\u5732917\desktop\vampire survivors\game v52\game loop\x64\debug\game loop.tlog\cl.write.1.tlog
c:\users\u5732917\desktop\vampire survivors\game v52\game loop\x64\debug\game loop.tlog\link.command.1.tlog
c:\users\u5732917\desktop\vampire survivors\game v52\game loop\x64\debug\game loop.tlog\link.read.1.tlog
c:\users\u5732917\desktop\vampire survivors\game v52\game loop\x64\debug\game loop.tlog\link.secondary.1.tlog
c:\users\u5732917\desktop\vampire survivors\game v52\game loop\x64\debug\game loop.tlog\link.write.1.tlog
